c:\users\administrator\desktop\cpprepo\assessments\week03\week03\x64\debug\vc143.pdb
c:\users\administrator\desktop\cpprepo\assessments\week03\week03\x64\debug\vc143.idb
c:\users\administrator\desktop\cpprepo\assessments\week03\week03\x64\debug\problem5.obj
c:\users\administrator\desktop\cpprepo\assessments\week03\x64\debug\week03.exe
c:\users\administrator\desktop\cpprepo\assessments\week03\x64\debug\week03.pdb
c:\users\administrator\desktop\cpprepo\assessments\week03\week03\x64\debug\week03.ilk
c:\users\administrator\desktop\cpprepo\assessments\week03\week03\x64\debug\problem1.obj
c:\users\administrator\desktop\cpprepo\assessments\week03\week03\x64\debug\problem2.obj
c:\users\administrator\desktop\cpprepo\assessments\week03\week03\x64\debug\problem3.obj
c:\users\administrator\desktop\cpprepo\assessments\week03\week03\x64\debug\problem4.obj
c:\users\administrator\desktop\cpprepo\assessments\week03\week03\x64\debug\problem6.obj
c:\users\administrator\desktop\cpprepo\assessments\week03\week03\x64\debug\sample.obj
c:\users\administrator\desktop\cpprepo\assessments\week03\week03\x64\debug\week03.tlog\cl.command.1.tlog
c:\users\administrator\desktop\cpprepo\assessments\week03\week03\x64\debug\week03.tlog\cl.items.tlog
c:\users\administrator\desktop\cpprepo\assessments\week03\week03\x64\debug\week03.tlog\cl.read.1.tlog
c:\users\administrator\desktop\cpprepo\assessments\week03\week03\x64\debug\week03.tlog\cl.write.1.tlog
c:\users\administrator\desktop\cpprepo\assessments\week03\week03\x64\debug\week03.tlog\link.command.1.tlog
c:\users\administrator\desktop\cpprepo\assessments\week03\week03\x64\debug\week03.tlog\link.read.1.tlog
c:\users\administrator\desktop\cpprepo\assessments\week03\week03\x64\debug\week03.tlog\link.secondary.1.tlog
c:\users\administrator\desktop\cpprepo\assessments\week03\week03\x64\debug\week03.tlog\link.write.1.tlog
